<?xml version="1.0" encoding="UTF-8"?>
<!-- Generated by org.testng.reporters.JUnitReportReporter -->
<testsuite skipped="0" hostname="hog-rider" name="com.sportdec.application.service.GithubServiceTest" tests="1" failures="0" timestamp="13 Feb 2019 00:42:31 GMT" time="2.587" errors="0">
  <testcase name="shouldContainKeyword" time="2.587" classname="com.sportdec.application.service.GithubServiceTest"/>
</testsuite> <!-- com.sportdec.application.service.GithubServiceTest -->
