<?xml version="1.0" encoding="UTF-8"?>
<!-- Generated by org.testng.reporters.JUnitReportReporter -->
<testsuite skipped="0" hostname="hog-rider" name="com.sportdec.application.service.TwitterServiceTest" tests="3" failures="0" timestamp="13 Feb 2019 00:42:31 GMT" time="0.551" errors="0">
  <testcase name="shouldThrowIllegalStateException" time="0.494" classname="com.sportdec.application.service.TwitterServiceTest"/>
  <testcase name="shouldThrowTwitterException" time="0.002" classname="com.sportdec.application.service.TwitterServiceTest"/>
  <testcase name="shouldThrowMissingPropertyException" time="0.055" classname="com.sportdec.application.service.TwitterServiceTest"/>
</testsuite> <!-- com.sportdec.application.service.TwitterServiceTest -->
